<?xml version="1.0" encoding="UTF-8"?>
<!-- Generated by org.testng.reporters.JUnitReportReporter -->
<testsuite hostname="DESKTOP-O6I509E" failures="0" tests="2" name="Application.Logout" time="0.007" errors="0" timestamp="2023-01-23T11:47:57 IST" skipped="0">
  <testcase classname="Application.Logout" name="closeBrowser" time="0.002"/>
  <system-out/>
  <testcase classname="Application.Logout" name="logout" time="0.005"/>
  <system-out/>
</testsuite> <!-- Application.Logout -->
