<?xml version="1.0" encoding="UTF-8"?>
<!-- Generated by org.testng.reporters.JUnitReportReporter -->
<testsuite hostname="DESKTOP-O6I509E" failures="0" tests="2" name="Application.Logout" time="0.002" errors="0" timestamp="2023-01-23T13:06:28 IST" skipped="0">
  <testcase classname="Application.Logout" name="closeBrowser" time="0.001"/>
  <system-out/>
  <testcase classname="Application.Logout" name="logout" time="0.001"/>
  <system-out/>
</testsuite> <!-- Application.Logout -->
