<?xml version="1.0" encoding="UTF-8"?>
<!-- Generated by org.testng.reporters.JUnitReportReporter -->
<testsuite hostname="DESKTOP-O6I509E" failures="0" tests="3" name="CreateEmployee.Create" time="0.027" errors="0" timestamp="2023-01-23T13:06:28 IST" skipped="0">
  <testcase classname="CreateEmployee.Create" name="deleted" time="0.005"/>
  <system-out/>
  <testcase classname="CreateEmployee.Create" name="modify" time="0.002"/>
  <system-out/>
  <testcase classname="CreateEmployee.Create" name="create" time="0.020"/>
  <system-out/>
</testsuite> <!-- CreateEmployee.Create -->
