<?xml version="1.0" encoding="UTF-8"?>
<!-- Generated by org.testng.reporters.JUnitReportReporter -->
<testsuite hostname="DESKTOP-O6I509E" failures="0" tests="2" name="Application.Login" time="0.006" errors="0" timestamp="2023-01-23T13:06:28 IST" skipped="0">
  <testcase classname="Application.Login" name="openBrowser" time="0.003"/>
  <system-out/>
  <testcase classname="Application.Login" name="loginApp" time="0.003"/>
  <system-out/>
</testsuite> <!-- Application.Login -->
